#
# A fatal error has been detected by the Java Runtime Environment:
#
#  Internal Error (javaClasses.cpp:136), pid=916, tid=8832
#  fatal error: Invalid layout of preloaded class
#
# JRE version:  (7.0_45-b18) (build )
# Java VM: Java HotSpot(TM) Client VM (24.45-b08 mixed mode windows-x86 )
# Failed to write core dump. Minidumps are not enabled by default on client versions of Windows
#
# If you would like to submit a bug report, please visit:
#   http://bugreport.sun.com/bugreport/crash.jsp
#

---------------  T H R E A D  ---------------

Current thread (0x0089c800):  JavaThread "Unknown thread" [_thread_in_vm, id=8832, stack(0x001e0000,0x00230000)]

Stack: [0x001e0000,0x00230000],  sp=0x0022f510,  free space=317k
Native frames: (J=compiled Java code, j=interpreted, Vv=VM code, C=native code)
V  [jvm.dll+0x18df51]
V  [jvm.dll+0x187cc6]
V  [jvm.dll+0x3586a]
V  [jvm.dll+0x358f6]
V  [jvm.dll+0x4400d]
V  [jvm.dll+0x442be]
V  [jvm.dll+0x9263a]
V  [jvm.dll+0x929eb]
V  [jvm.dll+0x13daf1]
V  [jvm.dll+0x1605fc]
V  [jvm.dll+0xc8ebf]
C  [javaw.exe+0x13ce]
C  [javaw.exe+0x1e40]
C  [javaw.exe+0xa5b1]
C  [javaw.exe+0xa63b]
C  [kernel32.dll+0x133aa]
C  [ntdll.dll+0x39ef2]
C  [ntdll.dll+0x39ec5]


---------------  P R O C E S S  ---------------

Java Threads: ( => current thread )

Other Threads:

=>0x0089c800 (exited) JavaThread "Unknown thread" [_thread_in_vm, id=8832, stack(0x001e0000,0x00230000)]

VM state:not at safepoint (not fully initialized)

VM Mutex/Monitor currently owned by a thread: None

GC Heap History (0 events):
No events

Deoptimization events (0 events):
No events

Internal exceptions (0 events):
No events

Events (10 events):
Event: 0.027 loading class 0x007c9280 done
Event: 0.027 loading class 0x007c8d10 done
Event: 0.027 loading class 0x007c8cf0
Event: 0.028 loading class 0x007d0018
Event: 0.028 loading class 0x007d0018 done
Event: 0.028 loading class 0x007d0048
Event: 0.028 loading class 0x007d0048 done
Event: 0.028 loading class 0x007d0078
Event: 0.028 loading class 0x007d0078 done
Event: 0.028 loading class 0x007c8cf0 done


Dynamic libraries:
0x00900000 - 0x0092f000 	C:\Program Files (x86)\Java\jre7\bin\javaw.exe
0x771a0000 - 0x77320000 	C:\Windows\SysWOW64\ntdll.dll
0x76290000 - 0x763a0000 	C:\Windows\syswow64\kernel32.dll
0x76240000 - 0x76287000 	C:\Windows\syswow64\KERNELBASE.dll
0x73080000 - 0x730f1000 	C:\Windows\SysWOW64\SYSFER.DLL
0x74cd0000 - 0x74d70000 	C:\Windows\syswow64\ADVAPI32.dll
0x74d70000 - 0x74e1c000 	C:\Windows\syswow64\msvcrt.dll
0x74cb0000 - 0x74cc9000 	C:\Windows\SysWOW64\sechost.dll
0x74ff0000 - 0x750e0000 	C:\Windows\syswow64\RPCRT4.dll
0x74870000 - 0x748d0000 	C:\Windows\syswow64\SspiCli.dll
0x74860000 - 0x7486c000 	C:\Windows\syswow64\CRYPTBASE.dll
0x75150000 - 0x75250000 	C:\Windows\syswow64\USER32.dll
0x765f0000 - 0x76680000 	C:\Windows\syswow64\GDI32.dll
0x74a70000 - 0x74a7a000 	C:\Windows\syswow64\LPK.dll
0x76020000 - 0x760bd000 	C:\Windows\syswow64\USP10.dll
0x72ac0000 - 0x72c5e000 	C:\Windows\WinSxS\x86_microsoft.windows.common-controls_6595b64144ccf1df_6.0.7601.17514_none_41e6975e2bd6f2b2\COMCTL32.dll
0x750e0000 - 0x75137000 	C:\Windows\syswow64\SHLWAPI.dll
0x761e0000 - 0x76240000 	C:\Windows\system32\IMM32.DLL
0x74a80000 - 0x74b4c000 	C:\Windows\syswow64\MSCTF.dll
0x5a430000 - 0x5a4ef000 	C:\Program Files (x86)\Java\jre7\bin\msvcr100.dll
0x5a4f0000 - 0x5a870000 	C:\Program Files (x86)\Java\jre7\bin\client\jvm.dll
0x71800000 - 0x71807000 	C:\Windows\system32\WSOCK32.dll
0x75fe0000 - 0x76015000 	C:\Windows\syswow64\WS2_32.dll
0x765e0000 - 0x765e6000 	C:\Windows\syswow64\NSI.dll
0x72d70000 - 0x72da2000 	C:\Windows\system32\WINMM.dll
0x74e20000 - 0x74e25000 	C:\Windows\syswow64\PSAPI.DLL
0x5b1c0000 - 0x5b1cc000 	C:\Program Files (x86)\Java\jre7\bin\verify.dll
0x5a980000 - 0x5a9a0000 	C:\Program Files (x86)\Java\jre7\bin\java.dll
0x5a410000 - 0x5a423000 	C:\Program Files (x86)\Java\jre7\bin\zip.dll
0x72840000 - 0x7292b000 	C:\Windows\system32\dbghelp.dll

VM Arguments:
jvm_args: -Dfile.encoding=GBK -Xbootclasspath:D:\software\adt-bundle-windows-x86-20130717\sdk\platforms\android-17\android.jar 
java_command: com.example.helloworld.GetLogid
Launcher Type: SUN_STANDARD

Environment Variables:
JAVA_HOME=D:\software\jdk1.6.0_05
JRE_HOME=D:\java\jre
CLASSPATH=D:\java\jre\lib\rt.jar;.;
PATH=C:/Program Files (x86)/Java/jre7/bin/client;C:/Program Files (x86)/Java/jre7/bin;C:/Program Files (x86)/Java/jre7/lib/i386;D:\oracle\product\10.2.0\db_1\bin;C:\Windows\system32;C:\Windows;C:\Windows\System32\Wbem;C:\Windows\System32\WindowsPowerShell\v1.0\;D:\java\bin;D:\android-sdk\tools;D:\software\apache-tomcat-6.0.37-windows-x86\apache-tomcat-6.0.37\bin;C:\Program Files\TortoiseSVN\bin;D:\software\adt-bundle-windows-x86-20130717\eclipse;
USERNAME=Administrator
OS=Windows_NT
PROCESSOR_IDENTIFIER=Intel64 Family 6 Model 42 Stepping 7, GenuineIntel



---------------  S Y S T E M  ---------------

OS: Windows 7 , 64 bit Build 7601 Service Pack 1

CPU:total 4 (2 cores per cpu, 2 threads per core) family 6 model 42 stepping 7, cmov, cx8, fxsr, mmx, sse, sse2, sse3, ssse3, sse4.1, sse4.2, popcnt, avx, aes, ht, tsc, tscinvbit

Memory: 4k page, physical 4088768k(1039508k free), swap 8175684k(3913180k free)

vm_info: Java HotSpot(TM) Client VM (24.45-b08) for windows-x86 JRE (1.7.0_45-b18), built on Oct  8 2013 06:02:43 by "java_re" with unknown MS VC++:1600

time: Fri Nov 15 17:15:12 2013
elapsed time: 0 seconds

